  Building Custom Rule C:/Users/FredericDelhoume/Downloads/srcvliv2.5.2/plugins/internal/tiff-4.3.0/tools/CMakeLists.txt
  tiff2pdf.c
C:\Users\FredericDelhoume\Downloads\srcvliv2.5.2\plugins\internal\tiff-4.3.0\tools\tiff2pdf.c(720,6): warning C4996: 'strncpy': This function or variable may be unsafe. Consider using strncpy_s instead. To disable deprecation, use _CRT_SECURE_NO_WARNINGS. See online help for details.
C:\Users\FredericDelhoume\Downloads\srcvliv2.5.2\plugins\internal\tiff-4.3.0\tools\tiff2pdf.c(726,5): warning C4996: 'strncpy': This function or variable may be unsafe. Consider using strncpy_s instead. To disable deprecation, use _CRT_SECURE_NO_WARNINGS. See online help for details.
C:\Users\FredericDelhoume\Downloads\srcvliv2.5.2\plugins\internal\tiff-4.3.0\tools\tiff2pdf.c(731,5): warning C4996: 'strncpy': This function or variable may be unsafe. Consider using strncpy_s instead. To disable deprecation, use _CRT_SECURE_NO_WARNINGS. See online help for details.
C:\Users\FredericDelhoume\Downloads\srcvliv2.5.2\plugins\internal\tiff-4.3.0\tools\tiff2pdf.c(736,5): warning C4996: 'strncpy': This function or variable may be unsafe. Consider using strncpy_s instead. To disable deprecation, use _CRT_SECURE_NO_WARNINGS. See online help for details.
C:\Users\FredericDelhoume\Downloads\srcvliv2.5.2\plugins\internal\tiff-4.3.0\tools\tiff2pdf.c(741,5): warning C4996: 'strncpy': This function or variable may be unsafe. Consider using strncpy_s instead. To disable deprecation, use _CRT_SECURE_NO_WARNINGS. See online help for details.
C:\Users\FredericDelhoume\Downloads\srcvliv2.5.2\plugins\internal\tiff-4.3.0\tools\tiff2pdf.c(746,5): warning C4996: 'strncpy': This function or variable may be unsafe. Consider using strncpy_s instead. To disable deprecation, use _CRT_SECURE_NO_WARNINGS. See online help for details.
C:\Users\FredericDelhoume\Downloads\srcvliv2.5.2\plugins\internal\tiff-4.3.0\tools\tiff2pdf.c(791,21): warning C4996: 'fopen': This function or variable may be unsafe. Consider using fopen_s instead. To disable deprecation, use _CRT_SECURE_NO_WARNINGS. See online help for details.
C:\Users\FredericDelhoume\Downloads\srcvliv2.5.2\plugins\internal\tiff-4.3.0\tools\tiff2pdf.c(2567,54): warning C4244: '=': conversion from 'tsize_t' to 'tstrip_t', possible loss of data
C:\Users\FredericDelhoume\Downloads\srcvliv2.5.2\plugins\internal\tiff-4.3.0\tools\tiff2pdf.c(4269,4): warning C4996: 'strncpy': This function or variable may be unsafe. Consider using strncpy_s instead. To disable deprecation, use _CRT_SECURE_NO_WARNINGS. See online help for details.
C:\Users\FredericDelhoume\Downloads\srcvliv2.5.2\plugins\internal\tiff-4.3.0\tools\tiff2pdf.c(4282,4): warning C4996: 'strncpy': This function or variable may be unsafe. Consider using strncpy_s instead. To disable deprecation, use _CRT_SECURE_NO_WARNINGS. See online help for details.
C:\Users\FredericDelhoume\Downloads\srcvliv2.5.2\plugins\internal\tiff-4.3.0\tools\tiff2pdf.c(4293,4): warning C4996: 'strncpy': This function or variable may be unsafe. Consider using strncpy_s instead. To disable deprecation, use _CRT_SECURE_NO_WARNINGS. See online help for details.
C:\Users\FredericDelhoume\Downloads\srcvliv2.5.2\plugins\internal\tiff-4.3.0\tools\tiff2pdf.c(4304,4): warning C4996: 'strncpy': This function or variable may be unsafe. Consider using strncpy_s instead. To disable deprecation, use _CRT_SECURE_NO_WARNINGS. See online help for details.
C:\Users\FredericDelhoume\Downloads\srcvliv2.5.2\plugins\internal\tiff-4.3.0\tools\tiff2pdf.c(4335,40): warning C4996: 'strerror': This function or variable may be unsafe. Consider using strerror_s instead. To disable deprecation, use _CRT_SECURE_NO_WARNINGS. See online help for details.
C:\Users\FredericDelhoume\Downloads\srcvliv2.5.2\plugins\internal\tiff-4.3.0\tools\tiff2pdf.c(4339,16): warning C4996: 'localtime': This function or variable may be unsafe. Consider using localtime_s instead. To disable deprecation, use _CRT_SECURE_NO_WARNINGS. See online help for details.
C:\Users\FredericDelhoume\Downloads\srcvliv2.5.2\plugins\internal\tiff-4.3.0\tools\tiff2pdf.c(5572,52): warning C4244: '=': conversion from 'tsize_t' to 'uint32_t', possible loss of data
C:\Users\FredericDelhoume\Downloads\srcvliv2.5.2\plugins\internal\tiff-4.3.0\tools\tiff2pdf.c(5577,52): warning C4244: '=': conversion from 'tsize_t' to 'uint32_t', possible loss of data
C:\Users\FredericDelhoume\Downloads\srcvliv2.5.2\plugins\internal\tiff-4.3.0\tools\tiff2pdf.c(5582,52): warning C4244: '=': conversion from 'tsize_t' to 'uint32_t', possible loss of data
C:\Users\FredericDelhoume\Downloads\srcvliv2.5.2\plugins\internal\tiff-4.3.0\tools\tiff2pdf.c(5590,53): warning C4244: '=': conversion from 'tsize_t' to 'uint32_t', possible loss of data
C:\Users\FredericDelhoume\Downloads\srcvliv2.5.2\plugins\internal\tiff-4.3.0\tools\tiff2pdf.c(5594,53): warning C4244: '=': conversion from 'tsize_t' to 'uint32_t', possible loss of data
C:\Users\FredericDelhoume\Downloads\srcvliv2.5.2\plugins\internal\tiff-4.3.0\tools\tiff2pdf.c(5605,53): warning C4244: '=': conversion from 'tsize_t' to 'uint32_t', possible loss of data
C:\Users\FredericDelhoume\Downloads\srcvliv2.5.2\plugins\internal\tiff-4.3.0\tools\tiff2pdf.c(5610,54): warning C4244: '=': conversion from 'tsize_t' to 'uint32_t', possible loss of data
C:\Users\FredericDelhoume\Downloads\srcvliv2.5.2\plugins\internal\tiff-4.3.0\tools\tiff2pdf.c(5615,55): warning C4244: '=': conversion from 'tsize_t' to 'uint32_t', possible loss of data
C:\Users\FredericDelhoume\Downloads\srcvliv2.5.2\plugins\internal\tiff-4.3.0\tools\tiff2pdf.c(5629,54): warning C4244: '=': conversion from 'tsize_t' to 'uint32_t', possible loss of data
C:\Users\FredericDelhoume\Downloads\srcvliv2.5.2\plugins\internal\tiff-4.3.0\tools\tiff2pdf.c(5643,54): warning C4244: '=': conversion from 'tsize_t' to 'uint32_t', possible loss of data
C:\Users\FredericDelhoume\Downloads\srcvliv2.5.2\plugins\internal\tiff-4.3.0\tools\tiff2pdf.c(5658,55): warning C4244: '=': conversion from 'tsize_t' to 'uint32_t', possible loss of data
C:\Users\FredericDelhoume\Downloads\srcvliv2.5.2\plugins\internal\tiff-4.3.0\tools\tiff2pdf.c(5682,55): warning C4244: '=': conversion from 'tsize_t' to 'uint32_t', possible loss of data
C:\Users\FredericDelhoume\Downloads\srcvliv2.5.2\plugins\internal\tiff-4.3.0\tools\tiff2pdf.c(5688,54): warning C4244: '=': conversion from 'tsize_t' to 'uint32_t', possible loss of data
C:\Users\FredericDelhoume\Downloads\srcvliv2.5.2\plugins\internal\tiff-4.3.0\tools\tiff2pdf.c(5712,54): warning C4244: '=': conversion from 'tsize_t' to 'uint32_t', possible loss of data
C:\Users\FredericDelhoume\Downloads\srcvliv2.5.2\plugins\internal\tiff-4.3.0\tools\tiff2pdf.c(5718,30): warning C4244: '=': conversion from 'tsize_t' to 'uint32_t', possible loss of data
  getopt.c
  Generating Code...
  tiff2pdf.vcxproj -> C:\Users\FredericDelhoume\Downloads\srcvliv2.5.2\plugins\internal\tiff-4.3.0\tools\Release\tiff2pdf.exe
