  Building Custom Rule C:/Users/FredericDelhoume/Downloads/srcvliv2.5.2/plugins/internal/tiff-4.3.0/tools/CMakeLists.txt
  tiffcrop.c
C:\Users\FredericDelhoume\Downloads\srcvliv2.5.2\plugins\internal\tiff-4.3.0\tools\tiffcrop.c(798,3): warning C4244: 'initializing': conversion from 'tmsize_t' to 'uint32_t', possible loss of data
C:\Users\FredericDelhoume\Downloads\srcvliv2.5.2\plugins\internal\tiff-4.3.0\tools\tiffcrop.c(1230,69): warning C4244: 'function': conversion from 'tsize_t' to 'uint32_t', possible loss of data
C:\Users\FredericDelhoume\Downloads\srcvliv2.5.2\plugins\internal\tiff-4.3.0\tools\tiffcrop.c(1257,3): warning C4244: 'initializing': conversion from 'tmsize_t' to 'uint32_t', possible loss of data
C:\Users\FredericDelhoume\Downloads\srcvliv2.5.2\plugins\internal\tiff-4.3.0\tools\tiffcrop.c(1783,43): warning C4267: '=': conversion from 'size_t' to 'unsigned int', possible loss of data
C:\Users\FredericDelhoume\Downloads\srcvliv2.5.2\plugins\internal\tiff-4.3.0\tools\tiffcrop.c(1790,52): warning C4267: '=': conversion from 'size_t' to 'unsigned int', possible loss of data
C:\Users\FredericDelhoume\Downloads\srcvliv2.5.2\plugins\internal\tiff-4.3.0\tools\tiffcrop.c(1797,32): warning C4996: 'strcpy': This function or variable may be unsafe. Consider using strcpy_s instead. To disable deprecation, use _CRT_SECURE_NO_WARNINGS. See online help for details.
C:\Users\FredericDelhoume\Downloads\srcvliv2.5.2\plugins\internal\tiff-4.3.0\tools\tiffcrop.c(1804,34): warning C4996: 'strcpy': This function or variable may be unsafe. Consider using strcpy_s instead. To disable deprecation, use _CRT_SECURE_NO_WARNINGS. See online help for details.
C:\Users\FredericDelhoume\Downloads\srcvliv2.5.2\plugins\internal\tiff-4.3.0\tools\tiffcrop.c(1998,26): warning C4996: 'strcpy': This function or variable may be unsafe. Consider using strcpy_s instead. To disable deprecation, use _CRT_SECURE_NO_WARNINGS. See online help for details.
C:\Users\FredericDelhoume\Downloads\srcvliv2.5.2\plugins\internal\tiff-4.3.0\tools\tiffcrop.c(1737,25): warning C4996: 'strtok': This function or variable may be unsafe. Consider using strtok_s instead. To disable deprecation, use _CRT_SECURE_NO_WARNINGS. See online help for details.
C:\Users\FredericDelhoume\Downloads\srcvliv2.5.2\plugins\internal\tiff-4.3.0\tools\tiffcrop.c(1739,32): warning C4996: 'strtok': This function or variable may be unsafe. Consider using strtok_s instead. To disable deprecation, use _CRT_SECURE_NO_WARNINGS. See online help for details.
C:\Users\FredericDelhoume\Downloads\srcvliv2.5.2\plugins\internal\tiff-4.3.0\tools\tiffcrop.c(1742,25): warning C4996: 'sscanf': This function or variable may be unsafe. Consider using sscanf_s instead. To disable deprecation, use _CRT_SECURE_NO_WARNINGS. See online help for details.
C:\Users\FredericDelhoume\Downloads\srcvliv2.5.2\plugins\internal\tiff-4.3.0\tools\tiffcrop.c(1769,39): warning C4996: 'strtok': This function or variable may be unsafe. Consider using strtok_s instead. To disable deprecation, use _CRT_SECURE_NO_WARNINGS. See online help for details.
C:\Users\FredericDelhoume\Downloads\srcvliv2.5.2\plugins\internal\tiff-4.3.0\tools\tiffcrop.c(1771,32): warning C4996: 'strtok': This function or variable may be unsafe. Consider using strtok_s instead. To disable deprecation, use _CRT_SECURE_NO_WARNINGS. See online help for details.
C:\Users\FredericDelhoume\Downloads\srcvliv2.5.2\plugins\internal\tiff-4.3.0\tools\tiffcrop.c(1821,25): warning C4996: 'strncpy': This function or variable may be unsafe. Consider using strncpy_s instead. To disable deprecation, use _CRT_SECURE_NO_WARNINGS. See online help for details.
C:\Users\FredericDelhoume\Downloads\srcvliv2.5.2\plugins\internal\tiff-4.3.0\tools\tiffcrop.c(1827,25): warning C4996: 'strncpy': This function or variable may be unsafe. Consider using strncpy_s instead. To disable deprecation, use _CRT_SECURE_NO_WARNINGS. See online help for details.
C:\Users\FredericDelhoume\Downloads\srcvliv2.5.2\plugins\internal\tiff-4.3.0\tools\tiffcrop.c(1851,39): warning C4996: 'strtok': This function or variable may be unsafe. Consider using strtok_s instead. To disable deprecation, use _CRT_SECURE_NO_WARNINGS. See online help for details.
C:\Users\FredericDelhoume\Downloads\srcvliv2.5.2\plugins\internal\tiff-4.3.0\tools\tiffcrop.c(1853,33): warning C4996: 'strtok': This function or variable may be unsafe. Consider using strtok_s instead. To disable deprecation, use _CRT_SECURE_NO_WARNINGS. See online help for details.
C:\Users\FredericDelhoume\Downloads\srcvliv2.5.2\plugins\internal\tiff-4.3.0\tools\tiffcrop.c(1930,39): warning C4996: 'strtok': This function or variable may be unsafe. Consider using strtok_s instead. To disable deprecation, use _CRT_SECURE_NO_WARNINGS. See online help for details.
C:\Users\FredericDelhoume\Downloads\srcvliv2.5.2\plugins\internal\tiff-4.3.0\tools\tiffcrop.c(1932,33): warning C4996: 'strtok': This function or variable may be unsafe. Consider using strtok_s instead. To disable deprecation, use _CRT_SECURE_NO_WARNINGS. See online help for details.
C:\Users\FredericDelhoume\Downloads\srcvliv2.5.2\plugins\internal\tiff-4.3.0\tools\tiffcrop.c(1996,14): warning C4996: 'sscanf': This function or variable may be unsafe. Consider using sscanf_s instead. To disable deprecation, use _CRT_SECURE_NO_WARNINGS. See online help for details.
C:\Users\FredericDelhoume\Downloads\srcvliv2.5.2\plugins\internal\tiff-4.3.0\tools\tiffcrop.c(2100,25): warning C4996: 'strtok': This function or variable may be unsafe. Consider using strtok_s instead. To disable deprecation, use _CRT_SECURE_NO_WARNINGS. See online help for details.
C:\Users\FredericDelhoume\Downloads\srcvliv2.5.2\plugins\internal\tiff-4.3.0\tools\tiffcrop.c(2102,32): warning C4996: 'strtok': This function or variable may be unsafe. Consider using strtok_s instead. To disable deprecation, use _CRT_SECURE_NO_WARNINGS. See online help for details.
C:\Users\FredericDelhoume\Downloads\srcvliv2.5.2\plugins\internal\tiff-4.3.0\tools\tiffcrop.c(2155,3): warning C4996: 'strncpy': This function or variable may be unsafe. Consider using strncpy_s instead. To disable deprecation, use _CRT_SECURE_NO_WARNINGS. See online help for details.
C:\Users\FredericDelhoume\Downloads\srcvliv2.5.2\plugins\internal\tiff-4.3.0\tools\tiffcrop.c(2163,9): warning C4996: 'strncpy': This function or variable may be unsafe. Consider using strncpy_s instead. To disable deprecation, use _CRT_SECURE_NO_WARNINGS. See online help for details.
C:\Users\FredericDelhoume\Downloads\srcvliv2.5.2\plugins\internal\tiff-4.3.0\tools\tiffcrop.c(2344,30): warning C4996: 'fopen': This function or variable may be unsafe. Consider using fopen_s instead. To disable deprecation, use _CRT_SECURE_NO_WARNINGS. See online help for details.
C:\Users\FredericDelhoume\Downloads\srcvliv2.5.2\plugins\internal\tiff-4.3.0\tools\tiffcrop.c(2363,31): warning C4996: 'fopen': This function or variable may be unsafe. Consider using fopen_s instead. To disable deprecation, use _CRT_SECURE_NO_WARNINGS. See online help for details.
C:\Users\FredericDelhoume\Downloads\srcvliv2.5.2\plugins\internal\tiff-4.3.0\tools\tiffcrop.c(2533,9): warning C4996: 'sprintf': This function or variable may be unsafe. Consider using sprintf_s instead. To disable deprecation, use _CRT_SECURE_NO_WARNINGS. See online help for details.
C:\Users\FredericDelhoume\Downloads\srcvliv2.5.2\plugins\internal\tiff-4.3.0\tools\tiffcrop.c(2570,7): warning C4996: 'sprintf': This function or variable may be unsafe. Consider using sprintf_s instead. To disable deprecation, use _CRT_SECURE_NO_WARNINGS. See online help for details.
C:\Users\FredericDelhoume\Downloads\srcvliv2.5.2\plugins\internal\tiff-4.3.0\tools\tiffcrop.c(2605,7): warning C4996: 'sprintf': This function or variable may be unsafe. Consider using sprintf_s instead. To disable deprecation, use _CRT_SECURE_NO_WARNINGS. See online help for details.
C:\Users\FredericDelhoume\Downloads\srcvliv2.5.2\plugins\internal\tiff-4.3.0\tools\tiffcrop.c(2607,11): warning C4996: 'sprintf': This function or variable may be unsafe. Consider using sprintf_s instead. To disable deprecation, use _CRT_SECURE_NO_WARNINGS. See online help for details.
C:\Users\FredericDelhoume\Downloads\srcvliv2.5.2\plugins\internal\tiff-4.3.0\tools\tiffcrop.c(2642,7): warning C4996: 'sprintf': This function or variable may be unsafe. Consider using sprintf_s instead. To disable deprecation, use _CRT_SECURE_NO_WARNINGS. See online help for details.
C:\Users\FredericDelhoume\Downloads\srcvliv2.5.2\plugins\internal\tiff-4.3.0\tools\tiffcrop.c(2644,11): warning C4996: 'sprintf': This function or variable may be unsafe. Consider using sprintf_s instead. To disable deprecation, use _CRT_SECURE_NO_WARNINGS. See online help for details.
C:\Users\FredericDelhoume\Downloads\srcvliv2.5.2\plugins\internal\tiff-4.3.0\tools\tiffcrop.c(2678,7): warning C4996: 'sprintf': This function or variable may be unsafe. Consider using sprintf_s instead. To disable deprecation, use _CRT_SECURE_NO_WARNINGS. See online help for details.
C:\Users\FredericDelhoume\Downloads\srcvliv2.5.2\plugins\internal\tiff-4.3.0\tools\tiffcrop.c(2680,11): warning C4996: 'sprintf': This function or variable may be unsafe. Consider using sprintf_s instead. To disable deprecation, use _CRT_SECURE_NO_WARNINGS. See online help for details.
C:\Users\FredericDelhoume\Downloads\srcvliv2.5.2\plugins\internal\tiff-4.3.0\tools\tiffcrop.c(3161,34): warning C4244: '=': conversion from 'uint64_t' to 'uint8_t', possible loss of data
C:\Users\FredericDelhoume\Downloads\srcvliv2.5.2\plugins\internal\tiff-4.3.0\tools\tiffcrop.c(3163,34): warning C4244: '=': conversion from 'uint64_t' to 'uint8_t', possible loss of data
C:\Users\FredericDelhoume\Downloads\srcvliv2.5.2\plugins\internal\tiff-4.3.0\tools\tiffcrop.c(3165,34): warning C4244: '=': conversion from 'uint64_t' to 'uint8_t', possible loss of data
C:\Users\FredericDelhoume\Downloads\srcvliv2.5.2\plugins\internal\tiff-4.3.0\tools\tiffcrop.c(3542,34): warning C4244: '=': conversion from 'uint64_t' to 'uint8_t', possible loss of data
C:\Users\FredericDelhoume\Downloads\srcvliv2.5.2\plugins\internal\tiff-4.3.0\tools\tiffcrop.c(3544,34): warning C4244: '=': conversion from 'uint64_t' to 'uint8_t', possible loss of data
C:\Users\FredericDelhoume\Downloads\srcvliv2.5.2\plugins\internal\tiff-4.3.0\tools\tiffcrop.c(3546,34): warning C4244: '=': conversion from 'uint64_t' to 'uint8_t', possible loss of data
C:\Users\FredericDelhoume\Downloads\srcvliv2.5.2\plugins\internal\tiff-4.3.0\tools\tiffcrop.c(3736,72): warning C4244: '=': conversion from 'tmsize_t' to 'int32_t', possible loss of data
C:\Users\FredericDelhoume\Downloads\srcvliv2.5.2\plugins\internal\tiff-4.3.0\tools\tiffcrop.c(3737,50): warning C4244: '=': conversion from 'tsize_t' to 'uint32_t', possible loss of data
C:\Users\FredericDelhoume\Downloads\srcvliv2.5.2\plugins\internal\tiff-4.3.0\tools\tiffcrop.c(3725,1): warning C4244: 'initializing': conversion from 'tmsize_t' to 'uint32_t', possible loss of data
C:\Users\FredericDelhoume\Downloads\srcvliv2.5.2\plugins\internal\tiff-4.3.0\tools\tiffcrop.c(3865,18): warning C4996: 'strcpy': This function or variable may be unsafe. Consider using strcpy_s instead. To disable deprecation, use _CRT_SECURE_NO_WARNINGS. See online help for details.
C:\Users\FredericDelhoume\Downloads\srcvliv2.5.2\plugins\internal\tiff-4.3.0\tools\tiffcrop.c(3870,18): warning C4996: 'strcpy': This function or variable may be unsafe. Consider using strcpy_s instead. To disable deprecation, use _CRT_SECURE_NO_WARNINGS. See online help for details.
C:\Users\FredericDelhoume\Downloads\srcvliv2.5.2\plugins\internal\tiff-4.3.0\tools\tiffcrop.c(3971,13): warning C4996: 'strcpy': This function or variable may be unsafe. Consider using strcpy_s instead. To disable deprecation, use _CRT_SECURE_NO_WARNINGS. See online help for details.
C:\Users\FredericDelhoume\Downloads\srcvliv2.5.2\plugins\internal\tiff-4.3.0\tools\tiffcrop.c(3977,13): warning C4996: 'strcpy': This function or variable may be unsafe. Consider using strcpy_s instead. To disable deprecation, use _CRT_SECURE_NO_WARNINGS. See online help for details.
C:\Users\FredericDelhoume\Downloads\srcvliv2.5.2\plugins\internal\tiff-4.3.0\tools\tiffcrop.c(4083,13): warning C4996: 'strcpy': This function or variable may be unsafe. Consider using strcpy_s instead. To disable deprecation, use _CRT_SECURE_NO_WARNINGS. See online help for details.
C:\Users\FredericDelhoume\Downloads\srcvliv2.5.2\plugins\internal\tiff-4.3.0\tools\tiffcrop.c(4089,13): warning C4996: 'strcpy': This function or variable may be unsafe. Consider using strcpy_s instead. To disable deprecation, use _CRT_SECURE_NO_WARNINGS. See online help for details.
C:\Users\FredericDelhoume\Downloads\srcvliv2.5.2\plugins\internal\tiff-4.3.0\tools\tiffcrop.c(4210,29): warning C4244: '=': conversion from 'uint64_t' to 'uint8_t', possible loss of data
C:\Users\FredericDelhoume\Downloads\srcvliv2.5.2\plugins\internal\tiff-4.3.0\tools\tiffcrop.c(4212,29): warning C4244: '=': conversion from 'uint64_t' to 'uint8_t', possible loss of data
C:\Users\FredericDelhoume\Downloads\srcvliv2.5.2\plugins\internal\tiff-4.3.0\tools\tiffcrop.c(4214,29): warning C4244: '=': conversion from 'uint64_t' to 'uint8_t', possible loss of data
C:\Users\FredericDelhoume\Downloads\srcvliv2.5.2\plugins\internal\tiff-4.3.0\tools\tiffcrop.c(4220,11): warning C4996: 'strcpy': This function or variable may be unsafe. Consider using strcpy_s instead. To disable deprecation, use _CRT_SECURE_NO_WARNINGS. See online help for details.
C:\Users\FredericDelhoume\Downloads\srcvliv2.5.2\plugins\internal\tiff-4.3.0\tools\tiffcrop.c(4226,11): warning C4996: 'strcpy': This function or variable may be unsafe. Consider using strcpy_s instead. To disable deprecation, use _CRT_SECURE_NO_WARNINGS. See online help for details.
C:\Users\FredericDelhoume\Downloads\srcvliv2.5.2\plugins\internal\tiff-4.3.0\tools\tiffcrop.c(4257,60): warning C4244: 'function': conversion from 'uint64_t' to 'uint32_t', possible loss of data
C:\Users\FredericDelhoume\Downloads\srcvliv2.5.2\plugins\internal\tiff-4.3.0\tools\tiffcrop.c(4259,56): warning C4244: 'function': conversion from 'uint64_t' to 'uint32_t', possible loss of data
C:\Users\FredericDelhoume\Downloads\srcvliv2.5.2\plugins\internal\tiff-4.3.0\tools\tiffcrop.c(4260,56): warning C4244: 'function': conversion from 'uint64_t' to 'uint32_t', possible loss of data
C:\Users\FredericDelhoume\Downloads\srcvliv2.5.2\plugins\internal\tiff-4.3.0\tools\tiffcrop.c(4390,18): warning C4996: 'strcpy': This function or variable may be unsafe. Consider using strcpy_s instead. To disable deprecation, use _CRT_SECURE_NO_WARNINGS. See online help for details.
C:\Users\FredericDelhoume\Downloads\srcvliv2.5.2\plugins\internal\tiff-4.3.0\tools\tiffcrop.c(4395,18): warning C4996: 'strcpy': This function or variable may be unsafe. Consider using strcpy_s instead. To disable deprecation, use _CRT_SECURE_NO_WARNINGS. See online help for details.
C:\Users\FredericDelhoume\Downloads\srcvliv2.5.2\plugins\internal\tiff-4.3.0\tools\tiffcrop.c(4495,13): warning C4996: 'strcpy': This function or variable may be unsafe. Consider using strcpy_s instead. To disable deprecation, use _CRT_SECURE_NO_WARNINGS. See online help for details.
C:\Users\FredericDelhoume\Downloads\srcvliv2.5.2\plugins\internal\tiff-4.3.0\tools\tiffcrop.c(4501,13): warning C4996: 'strcpy': This function or variable may be unsafe. Consider using strcpy_s instead. To disable deprecation, use _CRT_SECURE_NO_WARNINGS. See online help for details.
C:\Users\FredericDelhoume\Downloads\srcvliv2.5.2\plugins\internal\tiff-4.3.0\tools\tiffcrop.c(4607,13): warning C4996: 'strcpy': This function or variable may be unsafe. Consider using strcpy_s instead. To disable deprecation, use _CRT_SECURE_NO_WARNINGS. See online help for details.
C:\Users\FredericDelhoume\Downloads\srcvliv2.5.2\plugins\internal\tiff-4.3.0\tools\tiffcrop.c(4613,13): warning C4996: 'strcpy': This function or variable may be unsafe. Consider using strcpy_s instead. To disable deprecation, use _CRT_SECURE_NO_WARNINGS. See online help for details.
C:\Users\FredericDelhoume\Downloads\srcvliv2.5.2\plugins\internal\tiff-4.3.0\tools\tiffcrop.c(4735,29): warning C4244: '=': conversion from 'uint64_t' to 'uint8_t', possible loss of data
C:\Users\FredericDelhoume\Downloads\srcvliv2.5.2\plugins\internal\tiff-4.3.0\tools\tiffcrop.c(4737,29): warning C4244: '=': conversion from 'uint64_t' to 'uint8_t', possible loss of data
C:\Users\FredericDelhoume\Downloads\srcvliv2.5.2\plugins\internal\tiff-4.3.0\tools\tiffcrop.c(4739,29): warning C4244: '=': conversion from 'uint64_t' to 'uint8_t', possible loss of data
C:\Users\FredericDelhoume\Downloads\srcvliv2.5.2\plugins\internal\tiff-4.3.0\tools\tiffcrop.c(4745,11): warning C4996: 'strcpy': This function or variable may be unsafe. Consider using strcpy_s instead. To disable deprecation, use _CRT_SECURE_NO_WARNINGS. See online help for details.
C:\Users\FredericDelhoume\Downloads\srcvliv2.5.2\plugins\internal\tiff-4.3.0\tools\tiffcrop.c(4751,11): warning C4996: 'strcpy': This function or variable may be unsafe. Consider using strcpy_s instead. To disable deprecation, use _CRT_SECURE_NO_WARNINGS. See online help for details.
C:\Users\FredericDelhoume\Downloads\srcvliv2.5.2\plugins\internal\tiff-4.3.0\tools\tiffcrop.c(4782,60): warning C4244: 'function': conversion from 'uint64_t' to 'uint32_t', possible loss of data
C:\Users\FredericDelhoume\Downloads\srcvliv2.5.2\plugins\internal\tiff-4.3.0\tools\tiffcrop.c(4784,56): warning C4244: 'function': conversion from 'uint64_t' to 'uint32_t', possible loss of data
C:\Users\FredericDelhoume\Downloads\srcvliv2.5.2\plugins\internal\tiff-4.3.0\tools\tiffcrop.c(4785,56): warning C4244: 'function': conversion from 'uint64_t' to 'uint32_t', possible loss of data
C:\Users\FredericDelhoume\Downloads\srcvliv2.5.2\plugins\internal\tiff-4.3.0\tools\tiffcrop.c(4896,69): warning C4244: '=': conversion from 'tmsize_t' to 'int32_t', possible loss of data
C:\Users\FredericDelhoume\Downloads\srcvliv2.5.2\plugins\internal\tiff-4.3.0\tools\tiffcrop.c(5008,9): warning C4996: 'strncpy': This function or variable may be unsafe. Consider using strncpy_s instead. To disable deprecation, use _CRT_SECURE_NO_WARNINGS. See online help for details.
C:\Users\FredericDelhoume\Downloads\srcvliv2.5.2\plugins\internal\tiff-4.3.0\tools\tiffcrop.c(5024,11): warning C4996: 'strcpy': This function or variable may be unsafe. Consider using strcpy_s instead. To disable deprecation, use _CRT_SECURE_NO_WARNINGS. See online help for details.
C:\Users\FredericDelhoume\Downloads\srcvliv2.5.2\plugins\internal\tiff-4.3.0\tools\tiffcrop.c(5119,3): warning C4996: 'sprintf': This function or variable may be unsafe. Consider using sprintf_s instead. To disable deprecation, use _CRT_SECURE_NO_WARNINGS. See online help for details.
C:\Users\FredericDelhoume\Downloads\srcvliv2.5.2\plugins\internal\tiff-4.3.0\tools\tiffcrop.c(5538,81): warning C4244: '=': conversion from 'double' to 'int32_t', possible loss of data
C:\Users\FredericDelhoume\Downloads\srcvliv2.5.2\plugins\internal\tiff-4.3.0\tools\tiffcrop.c(5565,66): warning C4244: '=': conversion from 'double' to 'int32_t', possible loss of data
C:\Users\FredericDelhoume\Downloads\srcvliv2.5.2\plugins\internal\tiff-4.3.0\tools\tiffcrop.c(5967,38): warning C4244: '=': conversion from 'tmsize_t' to 'uint32_t', possible loss of data
C:\Users\FredericDelhoume\Downloads\srcvliv2.5.2\plugins\internal\tiff-4.3.0\tools\tiffcrop.c(6069,30): warning C4244: '=': conversion from 'tmsize_t' to 'uint32_t', possible loss of data
C:\Users\FredericDelhoume\Downloads\srcvliv2.5.2\plugins\internal\tiff-4.3.0\tools\tiffcrop.c(6074,40): warning C4244: '=': conversion from 'tmsize_t' to 'uint32_t', possible loss of data
C:\Users\FredericDelhoume\Downloads\srcvliv2.5.2\plugins\internal\tiff-4.3.0\tools\tiffcrop.c(6113,31): warning C4244: '=': conversion from 'tmsize_t' to 'uint32_t', possible loss of data
C:\Users\FredericDelhoume\Downloads\srcvliv2.5.2\plugins\internal\tiff-4.3.0\tools\tiffcrop.c(7316,38): warning C4267: '+=': conversion from 'size_t' to 'int', possible loss of data
C:\Users\FredericDelhoume\Downloads\srcvliv2.5.2\plugins\internal\tiff-4.3.0\tools\tiffcrop.c(7310,3): warning C4267: 'initializing': conversion from 'size_t' to 'int', possible loss of data
C:\Users\FredericDelhoume\Downloads\srcvliv2.5.2\plugins\internal\tiff-4.3.0\tools\tiffcrop.c(7457,33): warning C4244: '=': conversion from 'tsize_t' to 'uint32_t', possible loss of data
C:\Users\FredericDelhoume\Downloads\srcvliv2.5.2\plugins\internal\tiff-4.3.0\tools\tiffcrop.c(7559,35): warning C4244: '=': conversion from 'tsize_t' to 'uint32_t', possible loss of data
C:\Users\FredericDelhoume\Downloads\srcvliv2.5.2\plugins\internal\tiff-4.3.0\tools\tiffcrop.c(7996,38): warning C4267: '+=': conversion from 'size_t' to 'int', possible loss of data
C:\Users\FredericDelhoume\Downloads\srcvliv2.5.2\plugins\internal\tiff-4.3.0\tools\tiffcrop.c(7990,3): warning C4267: 'initializing': conversion from 'size_t' to 'int', possible loss of data
C:\Users\FredericDelhoume\Downloads\srcvliv2.5.2\plugins\internal\tiff-4.3.0\tools\tiffcrop.c(8383,34): warning C4244: '=': conversion from 'uint64_t' to 'uint8_t', possible loss of data
C:\Users\FredericDelhoume\Downloads\srcvliv2.5.2\plugins\internal\tiff-4.3.0\tools\tiffcrop.c(8385,34): warning C4244: '=': conversion from 'uint64_t' to 'uint8_t', possible loss of data
C:\Users\FredericDelhoume\Downloads\srcvliv2.5.2\plugins\internal\tiff-4.3.0\tools\tiffcrop.c(8387,34): warning C4244: '=': conversion from 'uint64_t' to 'uint8_t', possible loss of data
C:\Users\FredericDelhoume\Downloads\srcvliv2.5.2\plugins\internal\tiff-4.3.0\tools\tiffcrop.c(8991,34): warning C4244: '=': conversion from 'uint64_t' to 'uint8_t', possible loss of data
C:\Users\FredericDelhoume\Downloads\srcvliv2.5.2\plugins\internal\tiff-4.3.0\tools\tiffcrop.c(8993,34): warning C4244: '=': conversion from 'uint64_t' to 'uint8_t', possible loss of data
C:\Users\FredericDelhoume\Downloads\srcvliv2.5.2\plugins\internal\tiff-4.3.0\tools\tiffcrop.c(8995,34): warning C4244: '=': conversion from 'uint64_t' to 'uint8_t', possible loss of data
  getopt.c
  Generating Code...
  tiffcrop.vcxproj -> C:\Users\FredericDelhoume\Downloads\srcvliv2.5.2\plugins\internal\tiff-4.3.0\tools\Release\tiffcrop.exe
