  Building Custom Rule C:/Users/FredericDelhoume/Downloads/srcvliv2.5.2/plugins/internal/tiff-4.3.0/contrib/iptcutil/CMakeLists.txt
  iptcutil.c
C:\Users\FredericDelhoume\Downloads\srcvliv2.5.2\plugins\internal\tiff-4.3.0\contrib\iptcutil\iptcutil.c(167,19): warning C4996: 'strcpy': This function or variable may be unsafe. Consider using strcpy_s instead. To disable deprecation, use _CRT_SECURE_NO_WARNINGS. See online help for details.
C:\Users\FredericDelhoume\Downloads\srcvliv2.5.2\plugins\internal\tiff-4.3.0\contrib\iptcutil\iptcutil.c(183,23): warning C4996: 'strcpy': This function or variable may be unsafe. Consider using strcpy_s instead. To disable deprecation, use _CRT_SECURE_NO_WARNINGS. See online help for details.
C:\Users\FredericDelhoume\Downloads\srcvliv2.5.2\plugins\internal\tiff-4.3.0\contrib\iptcutil\iptcutil.c(157,11): warning C4996: 'sscanf': This function or variable may be unsafe. Consider using sscanf_s instead. To disable deprecation, use _CRT_SECURE_NO_WARNINGS. See online help for details.
C:\Users\FredericDelhoume\Downloads\srcvliv2.5.2\plugins\internal\tiff-4.3.0\contrib\iptcutil\iptcutil.c(181,17): warning C4996: 'strnicmp': The POSIX name for this item is deprecated. Instead, use the ISO C and C++ conformant name: _strnicmp. See online help for details.
C:\Users\FredericDelhoume\Downloads\srcvliv2.5.2\plugins\internal\tiff-4.3.0\contrib\iptcutil\iptcutil.c(346,20): warning C4311: 'type cast': pointer truncation from 'char *' to 'long'
C:\Users\FredericDelhoume\Downloads\srcvliv2.5.2\plugins\internal\tiff-4.3.0\contrib\iptcutil\iptcutil.c(346,30): warning C4311: 'type cast': pointer truncation from 'char *' to 'long'
C:\Users\FredericDelhoume\Downloads\srcvliv2.5.2\plugins\internal\tiff-4.3.0\contrib\iptcutil\iptcutil.c(351,23): warning C4311: 'type cast': pointer truncation from 'char *' to 'long'
C:\Users\FredericDelhoume\Downloads\srcvliv2.5.2\plugins\internal\tiff-4.3.0\contrib\iptcutil\iptcutil.c(351,31): warning C4311: 'type cast': pointer truncation from 'char *' to 'long'
C:\Users\FredericDelhoume\Downloads\srcvliv2.5.2\plugins\internal\tiff-4.3.0\contrib\iptcutil\iptcutil.c(366,20): warning C4311: 'type cast': pointer truncation from 'char *' to 'long'
C:\Users\FredericDelhoume\Downloads\srcvliv2.5.2\plugins\internal\tiff-4.3.0\contrib\iptcutil\iptcutil.c(366,29): warning C4311: 'type cast': pointer truncation from 'char *' to 'long'
C:\Users\FredericDelhoume\Downloads\srcvliv2.5.2\plugins\internal\tiff-4.3.0\contrib\iptcutil\iptcutil.c(535,40): warning C4267: '=': conversion from 'size_t' to 'unsigned long', possible loss of data
C:\Users\FredericDelhoume\Downloads\srcvliv2.5.2\plugins\internal\tiff-4.3.0\contrib\iptcutil\iptcutil.c(544,65): warning C4267: 'function': conversion from 'size_t' to 'int', possible loss of data
C:\Users\FredericDelhoume\Downloads\srcvliv2.5.2\plugins\internal\tiff-4.3.0\contrib\iptcutil\iptcutil.c(431,25): warning C4996: 'fopen': This function or variable may be unsafe. Consider using fopen_s instead. To disable deprecation, use _CRT_SECURE_NO_WARNINGS. See online help for details.
C:\Users\FredericDelhoume\Downloads\srcvliv2.5.2\plugins\internal\tiff-4.3.0\contrib\iptcutil\iptcutil.c(433,25): warning C4996: 'fopen': This function or variable may be unsafe. Consider using fopen_s instead. To disable deprecation, use _CRT_SECURE_NO_WARNINGS. See online help for details.
C:\Users\FredericDelhoume\Downloads\srcvliv2.5.2\plugins\internal\tiff-4.3.0\contrib\iptcutil\iptcutil.c(442,25): warning C4996: 'fopen': This function or variable may be unsafe. Consider using fopen_s instead. To disable deprecation, use _CRT_SECURE_NO_WARNINGS. See online help for details.
C:\Users\FredericDelhoume\Downloads\srcvliv2.5.2\plugins\internal\tiff-4.3.0\contrib\iptcutil\iptcutil.c(444,25): warning C4996: 'fopen': This function or variable may be unsafe. Consider using fopen_s instead. To disable deprecation, use _CRT_SECURE_NO_WARNINGS. See online help for details.
  getopt.c
  Generating Code...
  iptcutil.vcxproj -> C:\Users\FredericDelhoume\Downloads\srcvliv2.5.2\plugins\internal\tiff-4.3.0\contrib\iptcutil\Release\iptcutil.exe
